0 info it worked if it ends with ok
1 verbose cli [ '/usr/bin/nodejs', '/usr/bin/npm', 'start' ]
2 info using npm@3.10.10
3 info using node@v6.10.3
4 verbose run-script [ 'prestart', 'start', 'poststart' ]
5 info lifecycle object-b@1.0.0~prestart: object-b@1.0.0
6 silly lifecycle object-b@1.0.0~prestart: no script for prestart, continuing
7 info lifecycle object-b@1.0.0~start: object-b@1.0.0
8 verbose lifecycle object-b@1.0.0~start: unsafe-perm in lifecycle true
9 verbose lifecycle object-b@1.0.0~start: PATH: /usr/lib/node_modules/npm/bin/node-gyp-bin:/home/paweltar/Projekty/personal_site_31032017/my-personal-site/node_modules/.bin:/home/paweltar/.rbenv/shims:/home/paweltar/.rbenv/bin:/usr/bin:/usr/texbin:/home/paweltar/.npm-global/bin:/opt/java/jdk1.8.0_121:/home/paweltar/Android/Sdk/platform-tools:/home/paweltar/Android/Sdk/tools:/home/paweltar/Android/Sdk:/home/paweltar/bin:/home/paweltar/.local/bin:/usr/local/sbin:/usr/local/bin:/usr/sbin:/usr/bin:/sbin:/bin:/usr/games:/usr/local/games:/snap/bin:/usr/lib/jvm/java-8-oracle/bin:/usr/lib/jvm/java-8-oracle/db/bin:/usr/lib/jvm/java-8-oracle/jre/bin:/home/paweltar/bin:/opt/java/jdk1.8.0_121/bin
10 verbose lifecycle object-b@1.0.0~start: CWD: /home/paweltar/Projekty/personal_site_31032017/my-personal-site
11 silly lifecycle object-b@1.0.0~start: Args: [ '-c', 'gulp' ]
12 silly lifecycle object-b@1.0.0~start: Returned: code: 1  signal: null
13 info lifecycle object-b@1.0.0~start: Failed to exec start script
14 verbose stack Error: object-b@1.0.0 start: `gulp`
14 verbose stack Exit status 1
14 verbose stack     at EventEmitter.<anonymous> (/usr/lib/node_modules/npm/lib/utils/lifecycle.js:255:16)
14 verbose stack     at emitTwo (events.js:106:13)
14 verbose stack     at EventEmitter.emit (events.js:191:7)
14 verbose stack     at ChildProcess.<anonymous> (/usr/lib/node_modules/npm/lib/utils/spawn.js:40:14)
14 verbose stack     at emitTwo (events.js:106:13)
14 verbose stack     at ChildProcess.emit (events.js:191:7)
14 verbose stack     at maybeClose (internal/child_process.js:886:16)
14 verbose stack     at Process.ChildProcess._handle.onexit (internal/child_process.js:226:5)
15 verbose pkgid object-b@1.0.0
16 verbose cwd /home/paweltar/Projekty/personal_site_31032017/my-personal-site
17 error Linux 4.4.0-78-generic
18 error argv "/usr/bin/nodejs" "/usr/bin/npm" "start"
19 error node v6.10.3
20 error npm  v3.10.10
21 error code ELIFECYCLE
22 error object-b@1.0.0 start: `gulp`
22 error Exit status 1
23 error Failed at the object-b@1.0.0 start script 'gulp'.
23 error Make sure you have the latest version of node.js and npm installed.
23 error If you do, this is most likely a problem with the object-b package,
23 error not with npm itself.
23 error Tell the author that this fails on your system:
23 error     gulp
23 error You can get information on how to open an issue for this project with:
23 error     npm bugs object-b
23 error Or if that isn't available, you can get their info via:
23 error     npm owner ls object-b
23 error There is likely additional logging output above.
24 verbose exit [ 1, true ]
